Determining if the pthread_create exist failed with the following output:
Change Dir: /home/pulkit/CG/2019101078_A0/build/CMakeFiles/CMakeTmp

Run Build Command:"/usr/bin/make" "cmTC_d349e/fast"
/usr/bin/make -f CMakeFiles/cmTC_d349e.dir/build.make CMakeFiles/cmTC_d349e.dir/build
make[1]: Entering directory '/home/pulkit/CG/2019101078_A0/build/CMakeFiles/CMakeTmp'
Building C object CMakeFiles/cmTC_d349e.dir/CheckSymbolExists.c.o
/usr/bin/cc    -o CMakeFiles/cmTC_d349e.dir/CheckSymbolExists.c.o   -c /home/pulkit/CG/2019101078_A0/build/CMakeFiles/CMakeTmp/CheckSymbolExists.c
Linking C executable cmTC_d349e
/usr/bin/cmake -E cmake_link_script CMakeFiles/cmTC_d349e.dir/link.txt --verbose=1
/usr/bin/cc      -rdynamic CMakeFiles/cmTC_d349e.dir/CheckSymbolExists.c.o  -o cmTC_d349e 
CMakeFiles/cmTC_d349e.dir/CheckSymbolExists.c.o: In function `main':
CheckSymbolExists.c:(.text+0x1b): undefined reference to `pthread_create'
collect2: error: ld returned 1 exit status
CMakeFiles/cmTC_d349e.dir/build.make:97: recipe for target 'cmTC_d349e' failed
make[1]: *** [cmTC_d349e] Error 1
make[1]: Leaving directory '/home/pulkit/CG/2019101078_A0/build/CMakeFiles/CMakeTmp'
Makefile:126: recipe for target 'cmTC_d349e/fast' failed
make: *** [cmTC_d349e/fast] Error 2

File /home/pulkit/CG/2019101078_A0/build/CMakeFiles/CMakeTmp/CheckSymbolExists.c:
/* */
#include <pthread.h>

int main(int argc, char** argv)
{
  (void)argv;
#ifndef pthread_create
  return ((int*)(&pthread_create))[argc];
#else
  (void)argc;
  return 0;
#endif
}

Determining if the function pthread_create exists in the pthreads failed with the following output:
Change Dir: /home/pulkit/CG/2019101078_A0/build/CMakeFiles/CMakeTmp

Run Build Command:"/usr/bin/make" "cmTC_97a10/fast"
/usr/bin/make -f CMakeFiles/cmTC_97a10.dir/build.make CMakeFiles/cmTC_97a10.dir/build
make[1]: Entering directory '/home/pulkit/CG/2019101078_A0/build/CMakeFiles/CMakeTmp'
Building C object CMakeFiles/cmTC_97a10.dir/CheckFunctionExists.c.o
/usr/bin/cc   -DCHECK_FUNCTION_EXISTS=pthread_create   -o CMakeFiles/cmTC_97a10.dir/CheckFunctionExists.c.o   -c /usr/share/cmake-3.10/Modules/CheckFunctionExists.c
Linking C executable cmTC_97a10
/usr/bin/cmake -E cmake_link_script CMakeFiles/cmTC_97a10.dir/link.txt --verbose=1
/usr/bin/cc  -DCHECK_FUNCTION_EXISTS=pthread_create    -rdynamic CMakeFiles/cmTC_97a10.dir/CheckFunctionExists.c.o  -o cmTC_97a10 -lpthreads 
/usr/bin/ld: cannot find -lpthreads
collect2: error: ld returned 1 exit status
CMakeFiles/cmTC_97a10.dir/build.make:97: recipe for target 'cmTC_97a10' failed
make[1]: *** [cmTC_97a10] Error 1
make[1]: Leaving directory '/home/pulkit/CG/2019101078_A0/build/CMakeFiles/CMakeTmp'
Makefile:126: recipe for target 'cmTC_97a10/fast' failed
make: *** [cmTC_97a10/fast] Error 2


